2024-08-07 08:49:09,974 WARNING database DDL Query made to DB:
ALTER TABLE `tabPurchase Invoice` MODIFY `total` decimal(21,9) not null default 0, MODIFY `additional_discount_percentage` decimal(21,9) not null default 0, MODIFY `base_total_taxes_and_charges` decimal(21,9) not null default 0, MODIFY `net_total` decimal(21,9) not null default 0, MODIFY `conversion_rate` decimal(21,9) not null default 0, MODIFY `total_net_weight` decimal(21,9) not null default 0, MODIFY `base_rounding_adjustment` decimal(21,9) not null default 0, MODIFY `rounding_adjustment` decimal(21,9) not null default 0, MODIFY `discount_amount` decimal(21,9) not null default 0, MODIFY `base_tax_withholding_net_total` decimal(21,9) not null default 0, MODIFY `rounded_total` decimal(21,9) not null default 0, MODIFY `write_off_amount` decimal(21,9) not null default 0, MODIFY `per_received` decimal(21,9) not null default 0, MODIFY `base_rounded_total` decimal(21,9) not null default 0, MODIFY `base_taxes_and_charges_added` decimal(21,9) not null default 0, MODIFY `base_taxes_and_charges_deducted` decimal(21,9) not null default 0, MODIFY `base_grand_total` decimal(21,9) not null default 0, MODIFY `total_qty` decimal(21,9) not null default 0, MODIFY `base_paid_amount` decimal(21,9) not null default 0, MODIFY `total_taxes_and_charges` decimal(21,9) not null default 0, MODIFY `base_discount_amount` decimal(21,9) not null default 0, MODIFY `outstanding_amount` decimal(21,9) not null default 0, MODIFY `paid_amount` decimal(21,9) not null default 0, MODIFY `base_total` decimal(21,9) not null default 0, MODIFY `base_write_off_amount` decimal(21,9) not null default 0, MODIFY `plc_conversion_rate` decimal(21,9) not null default 0, MODIFY `total_advance` decimal(21,9) not null default 0, MODIFY `taxes_and_charges_added` decimal(21,9) not null default 0, MODIFY `base_net_total` decimal(21,9) not null default 0, MODIFY `taxes_and_charges_deducted` decimal(21,9) not null default 0, MODIFY `grand_total` decimal(21,9) not null default 0
2024-08-07 09:33:32,802 WARNING database DDL Query made to DB:
ALTER TABLE `tabPurchase Invoice` ADD COLUMN `workflow_state` varchar(140)
2024-08-07 09:33:32,806 WARNING database DDL Query made to DB:
ALTER TABLE `tabPurchase Invoice` MODIFY `base_tax_withholding_net_total` decimal(21,9) not null default 0, MODIFY `total_taxes_and_charges` decimal(21,9) not null default 0, MODIFY `base_grand_total` decimal(21,9) not null default 0, MODIFY `conversion_rate` decimal(21,9) not null default 0, MODIFY `base_rounding_adjustment` decimal(21,9) not null default 0, MODIFY `base_rounded_total` decimal(21,9) not null default 0, MODIFY `rounding_adjustment` decimal(21,9) not null default 0, MODIFY `rounded_total` decimal(21,9) not null default 0, MODIFY `base_taxes_and_charges_added` decimal(21,9) not null default 0, MODIFY `base_total_taxes_and_charges` decimal(21,9) not null default 0, MODIFY `outstanding_amount` decimal(21,9) not null default 0, MODIFY `additional_discount_percentage` decimal(21,9) not null default 0, MODIFY `base_write_off_amount` decimal(21,9) not null default 0, MODIFY `base_paid_amount` decimal(21,9) not null default 0, MODIFY `paid_amount` decimal(21,9) not null default 0, MODIFY `plc_conversion_rate` decimal(21,9) not null default 0, MODIFY `base_total` decimal(21,9) not null default 0, MODIFY `write_off_amount` decimal(21,9) not null default 0, MODIFY `grand_total` decimal(21,9) not null default 0, MODIFY `net_total` decimal(21,9) not null default 0, MODIFY `total_qty` decimal(21,9) not null default 0, MODIFY `total_advance` decimal(21,9) not null default 0, MODIFY `base_net_total` decimal(21,9) not null default 0, MODIFY `total_net_weight` decimal(21,9) not null default 0, MODIFY `total` decimal(21,9) not null default 0, MODIFY `base_discount_amount` decimal(21,9) not null default 0, MODIFY `taxes_and_charges_deducted` decimal(21,9) not null default 0, MODIFY `base_taxes_and_charges_deducted` decimal(21,9) not null default 0, MODIFY `per_received` decimal(21,9) not null default 0, MODIFY `taxes_and_charges_added` decimal(21,9) not null default 0, MODIFY `discount_amount` decimal(21,9) not null default 0
2024-08-07 11:36:49,213 WARNING database DDL Query made to DB:
ALTER TABLE `tabPurchase Invoice` ADD COLUMN `custom_remesa_emitida` int(1) not null default 0
2024-08-07 11:36:49,218 WARNING database DDL Query made to DB:
ALTER TABLE `tabPurchase Invoice` MODIFY `conversion_rate` decimal(21,9) not null default 0, MODIFY `base_rounding_adjustment` decimal(21,9) not null default 0, MODIFY `net_total` decimal(21,9) not null default 0, MODIFY `grand_total` decimal(21,9) not null default 0, MODIFY `plc_conversion_rate` decimal(21,9) not null default 0, MODIFY `total_qty` decimal(21,9) not null default 0, MODIFY `rounding_adjustment` decimal(21,9) not null default 0, MODIFY `base_taxes_and_charges_added` decimal(21,9) not null default 0, MODIFY `rounded_total` decimal(21,9) not null default 0, MODIFY `total` decimal(21,9) not null default 0, MODIFY `paid_amount` decimal(21,9) not null default 0, MODIFY `outstanding_amount` decimal(21,9) not null default 0, MODIFY `base_tax_withholding_net_total` decimal(21,9) not null default 0, MODIFY `additional_discount_percentage` decimal(21,9) not null default 0, MODIFY `taxes_and_charges_added` decimal(21,9) not null default 0, MODIFY `write_off_amount` decimal(21,9) not null default 0, MODIFY `base_total_taxes_and_charges` decimal(21,9) not null default 0, MODIFY `base_rounded_total` decimal(21,9) not null default 0, MODIFY `base_net_total` decimal(21,9) not null default 0, MODIFY `discount_amount` decimal(21,9) not null default 0, MODIFY `base_paid_amount` decimal(21,9) not null default 0, MODIFY `base_write_off_amount` decimal(21,9) not null default 0, MODIFY `per_received` decimal(21,9) not null default 0, MODIFY `total_net_weight` decimal(21,9) not null default 0, MODIFY `total_taxes_and_charges` decimal(21,9) not null default 0, MODIFY `base_discount_amount` decimal(21,9) not null default 0, MODIFY `base_grand_total` decimal(21,9) not null default 0, MODIFY `taxes_and_charges_deducted` decimal(21,9) not null default 0, MODIFY `total_advance` decimal(21,9) not null default 0, MODIFY `base_total` decimal(21,9) not null default 0, MODIFY `base_taxes_and_charges_deducted` decimal(21,9) not null default 0
2024-08-07 11:36:49,484 WARNING database DDL Query made to DB:
ALTER TABLE `tabPurchase Invoice` MODIFY `total` decimal(21,9) not null default 0, MODIFY `base_taxes_and_charges_deducted` decimal(21,9) not null default 0, MODIFY `base_rounding_adjustment` decimal(21,9) not null default 0, MODIFY `base_discount_amount` decimal(21,9) not null default 0, MODIFY `discount_amount` decimal(21,9) not null default 0, MODIFY `base_paid_amount` decimal(21,9) not null default 0, MODIFY `net_total` decimal(21,9) not null default 0, MODIFY `base_total` decimal(21,9) not null default 0, MODIFY `plc_conversion_rate` decimal(21,9) not null default 0, MODIFY `base_net_total` decimal(21,9) not null default 0, MODIFY `total_advance` decimal(21,9) not null default 0, MODIFY `base_grand_total` decimal(21,9) not null default 0, MODIFY `total_qty` decimal(21,9) not null default 0, MODIFY `rounded_total` decimal(21,9) not null default 0, MODIFY `outstanding_amount` decimal(21,9) not null default 0, MODIFY `rounding_adjustment` decimal(21,9) not null default 0, MODIFY `conversion_rate` decimal(21,9) not null default 0, MODIFY `base_total_taxes_and_charges` decimal(21,9) not null default 0, MODIFY `write_off_amount` decimal(21,9) not null default 0, MODIFY `total_taxes_and_charges` decimal(21,9) not null default 0, MODIFY `total_net_weight` decimal(21,9) not null default 0, MODIFY `paid_amount` decimal(21,9) not null default 0, MODIFY `base_rounded_total` decimal(21,9) not null default 0, MODIFY `base_tax_withholding_net_total` decimal(21,9) not null default 0, MODIFY `base_write_off_amount` decimal(21,9) not null default 0, MODIFY `taxes_and_charges_added` decimal(21,9) not null default 0, MODIFY `taxes_and_charges_deducted` decimal(21,9) not null default 0, MODIFY `per_received` decimal(21,9) not null default 0, MODIFY `base_taxes_and_charges_added` decimal(21,9) not null default 0, MODIFY `grand_total` decimal(21,9) not null default 0, MODIFY `additional_discount_percentage` decimal(21,9) not null default 0
2024-08-07 12:02:45,051 WARNING database DDL Query made to DB:
ALTER TABLE `tabPurchase Invoice` MODIFY `total` decimal(21,9) not null default 0, MODIFY `per_received` decimal(21,9) not null default 0, MODIFY `base_rounding_adjustment` decimal(21,9) not null default 0, MODIFY `total_advance` decimal(21,9) not null default 0, MODIFY `conversion_rate` decimal(21,9) not null default 0, MODIFY `paid_amount` decimal(21,9) not null default 0, MODIFY `write_off_amount` decimal(21,9) not null default 0, MODIFY `total_qty` decimal(21,9) not null default 0, MODIFY `net_total` decimal(21,9) not null default 0, MODIFY `total_net_weight` decimal(21,9) not null default 0, MODIFY `grand_total` decimal(21,9) not null default 0, MODIFY `base_discount_amount` decimal(21,9) not null default 0, MODIFY `taxes_and_charges_deducted` decimal(21,9) not null default 0, MODIFY `additional_discount_percentage` decimal(21,9) not null default 0, MODIFY `base_write_off_amount` decimal(21,9) not null default 0, MODIFY `discount_amount` decimal(21,9) not null default 0, MODIFY `base_total` decimal(21,9) not null default 0, MODIFY `rounding_adjustment` decimal(21,9) not null default 0, MODIFY `base_total_taxes_and_charges` decimal(21,9) not null default 0, MODIFY `base_net_total` decimal(21,9) not null default 0, MODIFY `base_taxes_and_charges_deducted` decimal(21,9) not null default 0, MODIFY `base_grand_total` decimal(21,9) not null default 0, MODIFY `rounded_total` decimal(21,9) not null default 0, MODIFY `taxes_and_charges_added` decimal(21,9) not null default 0, MODIFY `base_taxes_and_charges_added` decimal(21,9) not null default 0, MODIFY `outstanding_amount` decimal(21,9) not null default 0, MODIFY `base_paid_amount` decimal(21,9) not null default 0, MODIFY `total_taxes_and_charges` decimal(21,9) not null default 0, MODIFY `base_tax_withholding_net_total` decimal(21,9) not null default 0, MODIFY `plc_conversion_rate` decimal(21,9) not null default 0, MODIFY `base_rounded_total` decimal(21,9) not null default 0
2024-08-07 12:02:58,629 WARNING database DDL Query made to DB:
ALTER TABLE `tabPurchase Invoice` MODIFY `total` decimal(21,9) not null default 0, MODIFY `base_discount_amount` decimal(21,9) not null default 0, MODIFY `base_grand_total` decimal(21,9) not null default 0, MODIFY `base_paid_amount` decimal(21,9) not null default 0, MODIFY `additional_discount_percentage` decimal(21,9) not null default 0, MODIFY `base_net_total` decimal(21,9) not null default 0, MODIFY `total_advance` decimal(21,9) not null default 0, MODIFY `write_off_amount` decimal(21,9) not null default 0, MODIFY `base_tax_withholding_net_total` decimal(21,9) not null default 0, MODIFY `rounded_total` decimal(21,9) not null default 0, MODIFY `base_rounded_total` decimal(21,9) not null default 0, MODIFY `base_write_off_amount` decimal(21,9) not null default 0, MODIFY `grand_total` decimal(21,9) not null default 0, MODIFY `base_total` decimal(21,9) not null default 0, MODIFY `outstanding_amount` decimal(21,9) not null default 0, MODIFY `net_total` decimal(21,9) not null default 0, MODIFY `conversion_rate` decimal(21,9) not null default 0, MODIFY `taxes_and_charges_added` decimal(21,9) not null default 0, MODIFY `total_net_weight` decimal(21,9) not null default 0, MODIFY `base_total_taxes_and_charges` decimal(21,9) not null default 0, MODIFY `rounding_adjustment` decimal(21,9) not null default 0, MODIFY `base_rounding_adjustment` decimal(21,9) not null default 0, MODIFY `per_received` decimal(21,9) not null default 0, MODIFY `total_qty` decimal(21,9) not null default 0, MODIFY `taxes_and_charges_deducted` decimal(21,9) not null default 0, MODIFY `base_taxes_and_charges_added` decimal(21,9) not null default 0, MODIFY `plc_conversion_rate` decimal(21,9) not null default 0, MODIFY `paid_amount` decimal(21,9) not null default 0, MODIFY `discount_amount` decimal(21,9) not null default 0, MODIFY `total_taxes_and_charges` decimal(21,9) not null default 0, MODIFY `base_taxes_and_charges_deducted` decimal(21,9) not null default 0
2024-08-07 12:03:28,013 WARNING database DDL Query made to DB:
ALTER TABLE `tabPurchase Invoice` MODIFY `base_total` decimal(21,9) not null default 0, MODIFY `per_received` decimal(21,9) not null default 0, MODIFY `net_total` decimal(21,9) not null default 0, MODIFY `total_net_weight` decimal(21,9) not null default 0, MODIFY `total_advance` decimal(21,9) not null default 0, MODIFY `plc_conversion_rate` decimal(21,9) not null default 0, MODIFY `conversion_rate` decimal(21,9) not null default 0, MODIFY `rounded_total` decimal(21,9) not null default 0, MODIFY `total_taxes_and_charges` decimal(21,9) not null default 0, MODIFY `outstanding_amount` decimal(21,9) not null default 0, MODIFY `base_taxes_and_charges_added` decimal(21,9) not null default 0, MODIFY `rounding_adjustment` decimal(21,9) not null default 0, MODIFY `base_write_off_amount` decimal(21,9) not null default 0, MODIFY `additional_discount_percentage` decimal(21,9) not null default 0, MODIFY `base_discount_amount` decimal(21,9) not null default 0, MODIFY `write_off_amount` decimal(21,9) not null default 0, MODIFY `base_grand_total` decimal(21,9) not null default 0, MODIFY `base_rounding_adjustment` decimal(21,9) not null default 0, MODIFY `total` decimal(21,9) not null default 0, MODIFY `total_qty` decimal(21,9) not null default 0, MODIFY `paid_amount` decimal(21,9) not null default 0, MODIFY `taxes_and_charges_added` decimal(21,9) not null default 0, MODIFY `base_paid_amount` decimal(21,9) not null default 0, MODIFY `base_taxes_and_charges_deducted` decimal(21,9) not null default 0, MODIFY `base_rounded_total` decimal(21,9) not null default 0, MODIFY `base_total_taxes_and_charges` decimal(21,9) not null default 0, MODIFY `grand_total` decimal(21,9) not null default 0, MODIFY `discount_amount` decimal(21,9) not null default 0, MODIFY `taxes_and_charges_deducted` decimal(21,9) not null default 0, MODIFY `base_net_total` decimal(21,9) not null default 0, MODIFY `base_tax_withholding_net_total` decimal(21,9) not null default 0
2024-08-07 12:03:38,269 WARNING database DDL Query made to DB:
ALTER TABLE `tabPurchase Invoice` MODIFY `base_rounding_adjustment` decimal(21,9) not null default 0, MODIFY `conversion_rate` decimal(21,9) not null default 0, MODIFY `base_tax_withholding_net_total` decimal(21,9) not null default 0, MODIFY `base_total_taxes_and_charges` decimal(21,9) not null default 0, MODIFY `base_taxes_and_charges_deducted` decimal(21,9) not null default 0, MODIFY `base_taxes_and_charges_added` decimal(21,9) not null default 0, MODIFY `total_net_weight` decimal(21,9) not null default 0, MODIFY `total_qty` decimal(21,9) not null default 0, MODIFY `base_rounded_total` decimal(21,9) not null default 0, MODIFY `plc_conversion_rate` decimal(21,9) not null default 0, MODIFY `net_total` decimal(21,9) not null default 0, MODIFY `total_advance` decimal(21,9) not null default 0, MODIFY `total` decimal(21,9) not null default 0, MODIFY `total_taxes_and_charges` decimal(21,9) not null default 0, MODIFY `additional_discount_percentage` decimal(21,9) not null default 0, MODIFY `discount_amount` decimal(21,9) not null default 0, MODIFY `base_paid_amount` decimal(21,9) not null default 0, MODIFY `taxes_and_charges_added` decimal(21,9) not null default 0, MODIFY `grand_total` decimal(21,9) not null default 0, MODIFY `taxes_and_charges_deducted` decimal(21,9) not null default 0, MODIFY `base_net_total` decimal(21,9) not null default 0, MODIFY `base_write_off_amount` decimal(21,9) not null default 0, MODIFY `write_off_amount` decimal(21,9) not null default 0, MODIFY `rounding_adjustment` decimal(21,9) not null default 0, MODIFY `paid_amount` decimal(21,9) not null default 0, MODIFY `per_received` decimal(21,9) not null default 0, MODIFY `outstanding_amount` decimal(21,9) not null default 0, MODIFY `base_discount_amount` decimal(21,9) not null default 0, MODIFY `base_grand_total` decimal(21,9) not null default 0, MODIFY `base_total` decimal(21,9) not null default 0, MODIFY `rounded_total` decimal(21,9) not null default 0
2024-08-07 12:06:56,347 WARNING database DDL Query made to DB:
ALTER TABLE `tabPurchase Invoice` MODIFY `total_advance` decimal(21,9) not null default 0, MODIFY `base_rounding_adjustment` decimal(21,9) not null default 0, MODIFY `per_received` decimal(21,9) not null default 0, MODIFY `taxes_and_charges_deducted` decimal(21,9) not null default 0, MODIFY `base_rounded_total` decimal(21,9) not null default 0, MODIFY `base_write_off_amount` decimal(21,9) not null default 0, MODIFY `total_taxes_and_charges` decimal(21,9) not null default 0, MODIFY `total_net_weight` decimal(21,9) not null default 0, MODIFY `write_off_amount` decimal(21,9) not null default 0, MODIFY `conversion_rate` decimal(21,9) not null default 0, MODIFY `taxes_and_charges_added` decimal(21,9) not null default 0, MODIFY `base_total_taxes_and_charges` decimal(21,9) not null default 0, MODIFY `rounding_adjustment` decimal(21,9) not null default 0, MODIFY `base_tax_withholding_net_total` decimal(21,9) not null default 0, MODIFY `additional_discount_percentage` decimal(21,9) not null default 0, MODIFY `total_qty` decimal(21,9) not null default 0, MODIFY `grand_total` decimal(21,9) not null default 0, MODIFY `rounded_total` decimal(21,9) not null default 0, MODIFY `total` decimal(21,9) not null default 0, MODIFY `plc_conversion_rate` decimal(21,9) not null default 0, MODIFY `base_discount_amount` decimal(21,9) not null default 0, MODIFY `paid_amount` decimal(21,9) not null default 0, MODIFY `net_total` decimal(21,9) not null default 0, MODIFY `base_grand_total` decimal(21,9) not null default 0, MODIFY `base_total` decimal(21,9) not null default 0, MODIFY `base_taxes_and_charges_deducted` decimal(21,9) not null default 0, MODIFY `base_paid_amount` decimal(21,9) not null default 0, MODIFY `outstanding_amount` decimal(21,9) not null default 0, MODIFY `base_taxes_and_charges_added` decimal(21,9) not null default 0, MODIFY `discount_amount` decimal(21,9) not null default 0, MODIFY `base_net_total` decimal(21,9) not null default 0
2024-08-07 12:07:09,933 WARNING database DDL Query made to DB:
ALTER TABLE `tabPurchase Invoice` MODIFY `base_write_off_amount` decimal(21,9) not null default 0, MODIFY `base_paid_amount` decimal(21,9) not null default 0, MODIFY `paid_amount` decimal(21,9) not null default 0, MODIFY `plc_conversion_rate` decimal(21,9) not null default 0, MODIFY `additional_discount_percentage` decimal(21,9) not null default 0, MODIFY `total_advance` decimal(21,9) not null default 0, MODIFY `discount_amount` decimal(21,9) not null default 0, MODIFY `conversion_rate` decimal(21,9) not null default 0, MODIFY `base_discount_amount` decimal(21,9) not null default 0, MODIFY `outstanding_amount` decimal(21,9) not null default 0, MODIFY `total` decimal(21,9) not null default 0, MODIFY `base_net_total` decimal(21,9) not null default 0, MODIFY `rounded_total` decimal(21,9) not null default 0, MODIFY `rounding_adjustment` decimal(21,9) not null default 0, MODIFY `grand_total` decimal(21,9) not null default 0, MODIFY `base_rounded_total` decimal(21,9) not null default 0, MODIFY `total_qty` decimal(21,9) not null default 0, MODIFY `base_rounding_adjustment` decimal(21,9) not null default 0, MODIFY `per_received` decimal(21,9) not null default 0, MODIFY `total_net_weight` decimal(21,9) not null default 0, MODIFY `base_grand_total` decimal(21,9) not null default 0, MODIFY `total_taxes_and_charges` decimal(21,9) not null default 0, MODIFY `taxes_and_charges_deducted` decimal(21,9) not null default 0, MODIFY `taxes_and_charges_added` decimal(21,9) not null default 0, MODIFY `base_total_taxes_and_charges` decimal(21,9) not null default 0, MODIFY `base_total` decimal(21,9) not null default 0, MODIFY `base_taxes_and_charges_deducted` decimal(21,9) not null default 0, MODIFY `base_taxes_and_charges_added` decimal(21,9) not null default 0, MODIFY `net_total` decimal(21,9) not null default 0, MODIFY `base_tax_withholding_net_total` decimal(21,9) not null default 0, MODIFY `write_off_amount` decimal(21,9) not null default 0
2024-08-07 12:14:36,705 WARNING database DDL Query made to DB:
create table `tabRemesa Registro` (
			name varchar(140) primary key,
			creation datetime(6),
			modified datetime(6),
			modified_by varchar(140),
			owner varchar(140),
			docstatus int(1) not null default '0',
			idx int(8) not null default '0',
			`_user_tags` text,
`_comments` text,
`_assign` text,
`_liked_by` text,
index modified(modified))
			ENGINE=InnoDB
			ROW_FORMAT=DYNAMIC
			CHARACTER SET=utf8mb4
			COLLATE=utf8mb4_unicode_ci
2024-08-07 12:15:10,987 WARNING database DDL Query made to DB:
ALTER TABLE `tabRemesa Registro` ADD COLUMN `company` varchar(140)
2024-08-07 12:16:37,156 WARNING database DDL Query made to DB:
ALTER TABLE `tabRemesa Registro` ADD COLUMN `company_abbr` varchar(140), ADD COLUMN `fecha` date
2024-08-07 12:16:53,548 WARNING database DDL Query made to DB:
ALTER TABLE `tabRemesa Registro` ADD COLUMN `url` varchar(140)
2024-08-07 12:17:23,395 WARNING database DDL Query made to DB:
create table `tabRemesa Factura` (
			name varchar(140) primary key,
			creation datetime(6),
			modified datetime(6),
			modified_by varchar(140),
			owner varchar(140),
			docstatus int(1) not null default '0',
			idx int(8) not null default '0',
			parent varchar(140),
parentfield varchar(140),
parenttype varchar(140),
index parent(parent))
			ENGINE=InnoDB
			ROW_FORMAT=DYNAMIC
			CHARACTER SET=utf8mb4
			COLLATE=utf8mb4_unicode_ci
2024-08-07 12:17:54,230 WARNING database DDL Query made to DB:
alter table `tabRemesa Factura` add column if not exists parent varchar(140)
2024-08-07 12:17:54,231 WARNING database DDL Query made to DB:
alter table `tabRemesa Factura` add column if not exists parenttype varchar(140)
2024-08-07 12:17:54,232 WARNING database DDL Query made to DB:
alter table `tabRemesa Factura` add column if not exists parentfield varchar(140)
2024-08-07 12:17:54,317 WARNING database DDL Query made to DB:
ALTER TABLE `tabRemesa Factura` ADD COLUMN `factura` varchar(140)
2024-08-07 12:18:38,869 WARNING database DDL Query made to DB:
alter table `tabRemesa Factura` add column if not exists parent varchar(140)
2024-08-07 12:18:38,870 WARNING database DDL Query made to DB:
alter table `tabRemesa Factura` add column if not exists parenttype varchar(140)
2024-08-07 12:18:38,871 WARNING database DDL Query made to DB:
alter table `tabRemesa Factura` add column if not exists parentfield varchar(140)
2024-08-07 12:18:38,939 WARNING database DDL Query made to DB:
ALTER TABLE `tabRemesa Factura` ADD COLUMN `importe` decimal(21,9) not null default 0
2024-08-07 12:22:26,038 WARNING database DDL Query made to DB:
ALTER TABLE `tabPurchase Invoice` MODIFY `write_off_amount` decimal(21,9) not null default 0, MODIFY `taxes_and_charges_added` decimal(21,9) not null default 0, MODIFY `total_taxes_and_charges` decimal(21,9) not null default 0, MODIFY `base_paid_amount` decimal(21,9) not null default 0, MODIFY `base_total` decimal(21,9) not null default 0, MODIFY `plc_conversion_rate` decimal(21,9) not null default 0, MODIFY `base_discount_amount` decimal(21,9) not null default 0, MODIFY `grand_total` decimal(21,9) not null default 0, MODIFY `base_grand_total` decimal(21,9) not null default 0, MODIFY `rounding_adjustment` decimal(21,9) not null default 0, MODIFY `base_rounding_adjustment` decimal(21,9) not null default 0, MODIFY `per_received` decimal(21,9) not null default 0, MODIFY `total_net_weight` decimal(21,9) not null default 0, MODIFY `total_qty` decimal(21,9) not null default 0, MODIFY `rounded_total` decimal(21,9) not null default 0, MODIFY `paid_amount` decimal(21,9) not null default 0, MODIFY `base_net_total` decimal(21,9) not null default 0, MODIFY `base_taxes_and_charges_added` decimal(21,9) not null default 0, MODIFY `discount_amount` decimal(21,9) not null default 0, MODIFY `base_write_off_amount` decimal(21,9) not null default 0, MODIFY `total` decimal(21,9) not null default 0, MODIFY `outstanding_amount` decimal(21,9) not null default 0, MODIFY `taxes_and_charges_deducted` decimal(21,9) not null default 0, MODIFY `net_total` decimal(21,9) not null default 0, MODIFY `conversion_rate` decimal(21,9) not null default 0, MODIFY `base_rounded_total` decimal(21,9) not null default 0, MODIFY `base_tax_withholding_net_total` decimal(21,9) not null default 0, MODIFY `base_taxes_and_charges_deducted` decimal(21,9) not null default 0, MODIFY `total_advance` decimal(21,9) not null default 0, MODIFY `base_total_taxes_and_charges` decimal(21,9) not null default 0, MODIFY `additional_discount_percentage` decimal(21,9) not null default 0
2024-08-07 12:22:26,353 WARNING database DDL Query made to DB:
ALTER TABLE `tabPurchase Invoice` MODIFY `net_total` decimal(21,9) not null default 0, MODIFY `base_rounded_total` decimal(21,9) not null default 0, MODIFY `rounded_total` decimal(21,9) not null default 0, MODIFY `base_tax_withholding_net_total` decimal(21,9) not null default 0, MODIFY `total_advance` decimal(21,9) not null default 0, MODIFY `base_discount_amount` decimal(21,9) not null default 0, MODIFY `additional_discount_percentage` decimal(21,9) not null default 0, MODIFY `discount_amount` decimal(21,9) not null default 0, MODIFY `outstanding_amount` decimal(21,9) not null default 0, MODIFY `conversion_rate` decimal(21,9) not null default 0, MODIFY `base_taxes_and_charges_added` decimal(21,9) not null default 0, MODIFY `base_taxes_and_charges_deducted` decimal(21,9) not null default 0, MODIFY `base_paid_amount` decimal(21,9) not null default 0, MODIFY `plc_conversion_rate` decimal(21,9) not null default 0, MODIFY `taxes_and_charges_added` decimal(21,9) not null default 0, MODIFY `taxes_and_charges_deducted` decimal(21,9) not null default 0, MODIFY `per_received` decimal(21,9) not null default 0, MODIFY `total_taxes_and_charges` decimal(21,9) not null default 0, MODIFY `paid_amount` decimal(21,9) not null default 0, MODIFY `base_grand_total` decimal(21,9) not null default 0, MODIFY `base_rounding_adjustment` decimal(21,9) not null default 0, MODIFY `total_qty` decimal(21,9) not null default 0, MODIFY `total_net_weight` decimal(21,9) not null default 0, MODIFY `base_total_taxes_and_charges` decimal(21,9) not null default 0, MODIFY `base_total` decimal(21,9) not null default 0, MODIFY `grand_total` decimal(21,9) not null default 0, MODIFY `write_off_amount` decimal(21,9) not null default 0, MODIFY `base_write_off_amount` decimal(21,9) not null default 0, MODIFY `rounding_adjustment` decimal(21,9) not null default 0, MODIFY `base_net_total` decimal(21,9) not null default 0, MODIFY `total` decimal(21,9) not null default 0
2024-08-07 12:22:49,822 WARNING database DDL Query made to DB:
ALTER TABLE `tabPurchase Invoice` MODIFY `write_off_amount` decimal(21,9) not null default 0, MODIFY `plc_conversion_rate` decimal(21,9) not null default 0, MODIFY `base_rounded_total` decimal(21,9) not null default 0, MODIFY `base_total_taxes_and_charges` decimal(21,9) not null default 0, MODIFY `total_taxes_and_charges` decimal(21,9) not null default 0, MODIFY `taxes_and_charges_deducted` decimal(21,9) not null default 0, MODIFY `base_total` decimal(21,9) not null default 0, MODIFY `base_tax_withholding_net_total` decimal(21,9) not null default 0, MODIFY `total_advance` decimal(21,9) not null default 0, MODIFY `taxes_and_charges_added` decimal(21,9) not null default 0, MODIFY `total` decimal(21,9) not null default 0, MODIFY `conversion_rate` decimal(21,9) not null default 0, MODIFY `rounding_adjustment` decimal(21,9) not null default 0, MODIFY `rounded_total` decimal(21,9) not null default 0, MODIFY `per_received` decimal(21,9) not null default 0, MODIFY `base_taxes_and_charges_deducted` decimal(21,9) not null default 0, MODIFY `base_grand_total` decimal(21,9) not null default 0, MODIFY `paid_amount` decimal(21,9) not null default 0, MODIFY `total_qty` decimal(21,9) not null default 0, MODIFY `base_rounding_adjustment` decimal(21,9) not null default 0, MODIFY `base_net_total` decimal(21,9) not null default 0, MODIFY `outstanding_amount` decimal(21,9) not null default 0, MODIFY `discount_amount` decimal(21,9) not null default 0, MODIFY `base_taxes_and_charges_added` decimal(21,9) not null default 0, MODIFY `total_net_weight` decimal(21,9) not null default 0, MODIFY `additional_discount_percentage` decimal(21,9) not null default 0, MODIFY `grand_total` decimal(21,9) not null default 0, MODIFY `base_write_off_amount` decimal(21,9) not null default 0, MODIFY `base_paid_amount` decimal(21,9) not null default 0, MODIFY `net_total` decimal(21,9) not null default 0, MODIFY `base_discount_amount` decimal(21,9) not null default 0
2024-08-07 12:24:10,481 WARNING database DDL Query made to DB:
ALTER TABLE `tabPurchase Invoice` ADD COLUMN `custom_remesa` varchar(140)
2024-08-07 12:24:10,487 WARNING database DDL Query made to DB:
ALTER TABLE `tabPurchase Invoice` MODIFY `total_net_weight` decimal(21,9) not null default 0, MODIFY `grand_total` decimal(21,9) not null default 0, MODIFY `base_total_taxes_and_charges` decimal(21,9) not null default 0, MODIFY `base_rounded_total` decimal(21,9) not null default 0, MODIFY `discount_amount` decimal(21,9) not null default 0, MODIFY `rounding_adjustment` decimal(21,9) not null default 0, MODIFY `base_paid_amount` decimal(21,9) not null default 0, MODIFY `base_grand_total` decimal(21,9) not null default 0, MODIFY `total_advance` decimal(21,9) not null default 0, MODIFY `per_received` decimal(21,9) not null default 0, MODIFY `total` decimal(21,9) not null default 0, MODIFY `total_qty` decimal(21,9) not null default 0, MODIFY `total_taxes_and_charges` decimal(21,9) not null default 0, MODIFY `base_discount_amount` decimal(21,9) not null default 0, MODIFY `base_total` decimal(21,9) not null default 0, MODIFY `paid_amount` decimal(21,9) not null default 0, MODIFY `conversion_rate` decimal(21,9) not null default 0, MODIFY `outstanding_amount` decimal(21,9) not null default 0, MODIFY `base_write_off_amount` decimal(21,9) not null default 0, MODIFY `write_off_amount` decimal(21,9) not null default 0, MODIFY `base_taxes_and_charges_added` decimal(21,9) not null default 0, MODIFY `base_taxes_and_charges_deducted` decimal(21,9) not null default 0, MODIFY `taxes_and_charges_added` decimal(21,9) not null default 0, MODIFY `net_total` decimal(21,9) not null default 0, MODIFY `taxes_and_charges_deducted` decimal(21,9) not null default 0, MODIFY `base_tax_withholding_net_total` decimal(21,9) not null default 0, MODIFY `additional_discount_percentage` decimal(21,9) not null default 0, MODIFY `rounded_total` decimal(21,9) not null default 0, MODIFY `plc_conversion_rate` decimal(21,9) not null default 0, MODIFY `base_rounding_adjustment` decimal(21,9) not null default 0, MODIFY `base_net_total` decimal(21,9) not null default 0
2024-08-07 12:24:10,763 WARNING database DDL Query made to DB:
ALTER TABLE `tabPurchase Invoice` MODIFY `plc_conversion_rate` decimal(21,9) not null default 0, MODIFY `outstanding_amount` decimal(21,9) not null default 0, MODIFY `total_net_weight` decimal(21,9) not null default 0, MODIFY `base_net_total` decimal(21,9) not null default 0, MODIFY `discount_amount` decimal(21,9) not null default 0, MODIFY `grand_total` decimal(21,9) not null default 0, MODIFY `net_total` decimal(21,9) not null default 0, MODIFY `conversion_rate` decimal(21,9) not null default 0, MODIFY `base_write_off_amount` decimal(21,9) not null default 0, MODIFY `write_off_amount` decimal(21,9) not null default 0, MODIFY `rounded_total` decimal(21,9) not null default 0, MODIFY `base_rounding_adjustment` decimal(21,9) not null default 0, MODIFY `base_grand_total` decimal(21,9) not null default 0, MODIFY `total_taxes_and_charges` decimal(21,9) not null default 0, MODIFY `base_paid_amount` decimal(21,9) not null default 0, MODIFY `base_taxes_and_charges_deducted` decimal(21,9) not null default 0, MODIFY `base_rounded_total` decimal(21,9) not null default 0, MODIFY `base_total` decimal(21,9) not null default 0, MODIFY `total` decimal(21,9) not null default 0, MODIFY `total_advance` decimal(21,9) not null default 0, MODIFY `paid_amount` decimal(21,9) not null default 0, MODIFY `base_total_taxes_and_charges` decimal(21,9) not null default 0, MODIFY `taxes_and_charges_deducted` decimal(21,9) not null default 0, MODIFY `additional_discount_percentage` decimal(21,9) not null default 0, MODIFY `base_taxes_and_charges_added` decimal(21,9) not null default 0, MODIFY `base_discount_amount` decimal(21,9) not null default 0, MODIFY `per_received` decimal(21,9) not null default 0, MODIFY `total_qty` decimal(21,9) not null default 0, MODIFY `taxes_and_charges_added` decimal(21,9) not null default 0, MODIFY `rounding_adjustment` decimal(21,9) not null default 0, MODIFY `base_tax_withholding_net_total` decimal(21,9) not null default 0
2024-08-07 12:28:13,590 WARNING database DDL Query made to DB:
alter table `tabRemesa Factura` add column if not exists parent varchar(140)
2024-08-07 12:28:13,591 WARNING database DDL Query made to DB:
alter table `tabRemesa Factura` add column if not exists parenttype varchar(140)
2024-08-07 12:28:13,591 WARNING database DDL Query made to DB:
alter table `tabRemesa Factura` add column if not exists parentfield varchar(140)
2024-08-07 12:28:13,657 WARNING database DDL Query made to DB:
ALTER TABLE `tabRemesa Factura` MODIFY `importe` decimal(21,9) not null default 0
2024-08-07 12:39:12,652 WARNING database DDL Query made to DB:
ALTER TABLE `tabRemesa Registro` MODIFY `url` longtext
2024-08-07 12:39:18,810 WARNING database DDL Query made to DB:
ALTER TABLE `tabRemesa Registro` MODIFY `url` text
2024-08-07 16:14:45,409 WARNING database DDL Query made to DB:
ALTER TABLE `tabBank Account` ADD COLUMN `custom_bicswift` varchar(140)
2024-08-14 10:30:50,157 WARNING database DDL Query made to DB:
DROP USER IF EXISTS '_098c566c1373ba13'@'localhost'
2024-08-14 10:30:53,538 WARNING database DDL Query made to DB:
DROP DATABASE IF EXISTS `_098c566c1373ba13`
2024-08-14 10:30:53,540 WARNING database DDL Query made to DB:
CREATE USER '_098c566c1373ba13'@'localhost' IDENTIFIED BY 'Ucy4m3XvrxOcRaY7'
2024-08-14 10:30:53,543 WARNING database DDL Query made to DB:
CREATE DATABASE `_098c566c1373ba13` CHARACTER SET utf8mb4 COLLATE utf8mb4_unicode_ci
2024-08-14 10:31:51,326 WARNING database DDL Query made to DB:
create table if not exists `__Auth` (
				`doctype` VARCHAR(140) NOT NULL,
				`name` VARCHAR(255) NOT NULL,
				`fieldname` VARCHAR(140) NOT NULL,
				`password` TEXT NOT NULL,
				`encrypted` INT(1) NOT NULL DEFAULT 0,
				PRIMARY KEY (`doctype`, `name`, `fieldname`)
			) ENGINE=InnoDB ROW_FORMAT=DYNAMIC CHARACTER SET=utf8mb4 COLLATE=utf8mb4_unicode_ci
2024-08-14 10:31:51,344 WARNING database DDL Query made to DB:
create table if not exists __UserSettings (
			`user` VARCHAR(180) NOT NULL,
			`doctype` VARCHAR(180) NOT NULL,
			`data` TEXT,
			UNIQUE(user, doctype)
			) ENGINE=InnoDB DEFAULT CHARSET=utf8
2024-08-14 10:33:19,049 WARNING database DDL Query made to DB:
alter table `tabDocType` add column if not exists migration_hash varchar(140)
2024-08-14 10:33:20,755 WARNING database DDL Query made to DB:
ALTER TABLE `tabPrint Heading` DROP INDEX `print_heading`
2024-08-14 10:33:22,100 WARNING database DDL Query made to DB:
ALTER TABLE `tabPurchase Invoice` MODIFY `taxes_and_charges_added` decimal(21,9) not null default 0, MODIFY `plc_conversion_rate` decimal(21,9) not null default 0, MODIFY `total_taxes_and_charges` decimal(21,9) not null default 0, MODIFY `base_grand_total` decimal(21,9) not null default 0, MODIFY `total_qty` decimal(21,9) not null default 0, MODIFY `base_total` decimal(21,9) not null default 0, MODIFY `total_advance` decimal(21,9) not null default 0, MODIFY `total` decimal(21,9) not null default 0, MODIFY `total_net_weight` decimal(21,9) not null default 0, MODIFY `base_write_off_amount` decimal(21,9) not null default 0, MODIFY `base_taxes_and_charges_deducted` decimal(21,9) not null default 0, MODIFY `base_net_total` decimal(21,9) not null default 0, MODIFY `write_off_amount` decimal(21,9) not null default 0, MODIFY `paid_amount` decimal(21,9) not null default 0, MODIFY `base_total_taxes_and_charges` decimal(21,9) not null default 0, MODIFY `net_total` decimal(21,9) not null default 0, MODIFY `base_tax_withholding_net_total` decimal(21,9) not null default 0, MODIFY `taxes_and_charges_deducted` decimal(21,9) not null default 0, MODIFY `base_rounded_total` decimal(21,9) not null default 0, MODIFY `rounding_adjustment` decimal(21,9) not null default 0, MODIFY `base_rounding_adjustment` decimal(21,9) not null default 0, MODIFY `base_paid_amount` decimal(21,9) not null default 0, MODIFY `grand_total` decimal(21,9) not null default 0, MODIFY `discount_amount` decimal(21,9) not null default 0, MODIFY `base_taxes_and_charges_added` decimal(21,9) not null default 0, MODIFY `rounded_total` decimal(21,9) not null default 0, MODIFY `additional_discount_percentage` decimal(21,9) not null default 0, MODIFY `outstanding_amount` decimal(21,9) not null default 0, MODIFY `conversion_rate` decimal(21,9) not null default 0, MODIFY `per_received` decimal(21,9) not null default 0, MODIFY `base_discount_amount` decimal(21,9) not null default 0
2024-08-14 10:33:23,507 WARNING database DDL Query made to DB:
ALTER TABLE `tabPrint Heading` ADD UNIQUE INDEX IF NOT EXISTS print_heading (`print_heading`)
2024-08-14 10:33:23,752 WARNING database DDL Query made to DB:
ALTER TABLE `tabVehicle` MODIFY `vehicle_value` decimal(21,9) not null default 0, MODIFY `uom` varchar(140)
2024-08-14 10:33:24,693 WARNING database DDL Query made to DB:
ALTER TABLE `tabVehicle` MODIFY `vehicle_value` decimal(21,9) not null default 0
2024-08-14 10:33:24,895 WARNING database DDL Query made to DB:
ALTER TABLE `tabCellular Lines` MODIFY `custom_solicitante` varchar(140)
2024-08-14 10:33:25,293 WARNING database DDL Query made to DB:
ALTER TABLE `tabCellular Lines` MODIFY `custom_solicitante` varchar(140)
2024-08-14 10:33:26,919 WARNING database DDL Query made to DB:
ALTER TABLE `tabRemesa Factura` MODIFY `importe` decimal(21,9) not null default 0
2024-08-14 15:14:27,575 WARNING database DDL Query made to DB:
DROP USER IF EXISTS '_098c566c1373ba13'@'localhost'
2024-08-14 15:14:29,332 WARNING database DDL Query made to DB:
DROP DATABASE IF EXISTS `_098c566c1373ba13`
2024-08-14 15:14:29,334 WARNING database DDL Query made to DB:
CREATE USER '_098c566c1373ba13'@'localhost' IDENTIFIED BY 'Ucy4m3XvrxOcRaY7'
2024-08-14 15:14:29,335 WARNING database DDL Query made to DB:
CREATE DATABASE `_098c566c1373ba13` CHARACTER SET utf8mb4 COLLATE utf8mb4_unicode_ci
2024-08-14 15:15:30,604 WARNING database DDL Query made to DB:
create table if not exists `__Auth` (
				`doctype` VARCHAR(140) NOT NULL,
				`name` VARCHAR(255) NOT NULL,
				`fieldname` VARCHAR(140) NOT NULL,
				`password` TEXT NOT NULL,
				`encrypted` INT(1) NOT NULL DEFAULT 0,
				PRIMARY KEY (`doctype`, `name`, `fieldname`)
			) ENGINE=InnoDB ROW_FORMAT=DYNAMIC CHARACTER SET=utf8mb4 COLLATE=utf8mb4_unicode_ci
2024-08-14 15:15:30,624 WARNING database DDL Query made to DB:
create table if not exists __UserSettings (
			`user` VARCHAR(180) NOT NULL,
			`doctype` VARCHAR(180) NOT NULL,
			`data` TEXT,
			UNIQUE(user, doctype)
			) ENGINE=InnoDB DEFAULT CHARSET=utf8
2024-08-14 15:15:57,232 WARNING database DDL Query made to DB:
alter table `tabDocType` add column if not exists migration_hash varchar(140)
2024-08-14 15:15:59,047 WARNING database DDL Query made to DB:
ALTER TABLE `tabPrint Heading` DROP INDEX `print_heading`
2024-08-14 15:16:00,751 WARNING database DDL Query made to DB:
ALTER TABLE `tabPurchase Invoice` MODIFY `rounding_adjustment` decimal(21,9) not null default 0, MODIFY `base_rounding_adjustment` decimal(21,9) not null default 0, MODIFY `taxes_and_charges_added` decimal(21,9) not null default 0, MODIFY `grand_total` decimal(21,9) not null default 0, MODIFY `conversion_rate` decimal(21,9) not null default 0, MODIFY `additional_discount_percentage` decimal(21,9) not null default 0, MODIFY `total_taxes_and_charges` decimal(21,9) not null default 0, MODIFY `rounded_total` decimal(21,9) not null default 0, MODIFY `base_grand_total` decimal(21,9) not null default 0, MODIFY `outstanding_amount` decimal(21,9) not null default 0, MODIFY `plc_conversion_rate` decimal(21,9) not null default 0, MODIFY `total_advance` decimal(21,9) not null default 0, MODIFY `base_discount_amount` decimal(21,9) not null default 0, MODIFY `discount_amount` decimal(21,9) not null default 0, MODIFY `base_paid_amount` decimal(21,9) not null default 0, MODIFY `total_qty` decimal(21,9) not null default 0, MODIFY `total_net_weight` decimal(21,9) not null default 0, MODIFY `base_total` decimal(21,9) not null default 0, MODIFY `base_net_total` decimal(21,9) not null default 0, MODIFY `total` decimal(21,9) not null default 0, MODIFY `base_taxes_and_charges_deducted` decimal(21,9) not null default 0, MODIFY `base_write_off_amount` decimal(21,9) not null default 0, MODIFY `write_off_amount` decimal(21,9) not null default 0, MODIFY `base_total_taxes_and_charges` decimal(21,9) not null default 0, MODIFY `paid_amount` decimal(21,9) not null default 0, MODIFY `net_total` decimal(21,9) not null default 0, MODIFY `per_received` decimal(21,9) not null default 0, MODIFY `base_tax_withholding_net_total` decimal(21,9) not null default 0, MODIFY `taxes_and_charges_deducted` decimal(21,9) not null default 0, MODIFY `base_rounded_total` decimal(21,9) not null default 0, MODIFY `base_taxes_and_charges_added` decimal(21,9) not null default 0
2024-08-14 15:16:02,178 WARNING database DDL Query made to DB:
ALTER TABLE `tabPrint Heading` ADD UNIQUE INDEX IF NOT EXISTS print_heading (`print_heading`)
2024-08-14 15:16:02,470 WARNING database DDL Query made to DB:
ALTER TABLE `tabVehicle` MODIFY `vehicle_value` decimal(21,9) not null default 0, MODIFY `uom` varchar(140)
2024-08-14 15:16:03,468 WARNING database DDL Query made to DB:
ALTER TABLE `tabVehicle` MODIFY `vehicle_value` decimal(21,9) not null default 0
2024-08-14 15:16:03,716 WARNING database DDL Query made to DB:
ALTER TABLE `tabCellular Lines` MODIFY `custom_solicitante` varchar(140)
2024-08-14 15:16:04,152 WARNING database DDL Query made to DB:
ALTER TABLE `tabCellular Lines` MODIFY `custom_solicitante` varchar(140)
2024-08-14 15:16:06,091 WARNING database DDL Query made to DB:
ALTER TABLE `tabRemesa Factura` MODIFY `importe` decimal(21,9) not null default 0
2024-08-19 10:04:14,350 WARNING database DDL Query made to DB:
ALTER TABLE `tabCustomer` ADD COLUMN `custom_tipo_de_identificacion` varchar(140)
2024-08-19 10:04:14,357 WARNING database DDL Query made to DB:
ALTER TABLE `tabCustomer` MODIFY `tax_category` varchar(140) default '21%%', MODIFY `default_commission_rate` decimal(21,9) not null default 0
2024-08-19 10:04:14,572 WARNING database DDL Query made to DB:
ALTER TABLE `tabCustomer` MODIFY `tax_category` varchar(140) default '21%%', MODIFY `default_commission_rate` decimal(21,9) not null default 0
2024-08-19 10:05:14,405 WARNING database DDL Query made to DB:
ALTER TABLE `tabCustomer` MODIFY `tax_category` varchar(140) default '21%%', MODIFY `default_commission_rate` decimal(21,9) not null default 0
2024-08-19 10:05:21,584 WARNING database DDL Query made to DB:
ALTER TABLE `tabCustomer` MODIFY `default_commission_rate` decimal(21,9) not null default 0, MODIFY `tax_category` varchar(140) default '21%%'
2024-08-19 10:05:21,819 WARNING database DDL Query made to DB:
ALTER TABLE `tabCustomer` MODIFY `default_commission_rate` decimal(21,9) not null default 0, MODIFY `tax_category` varchar(140) default '21%%'
2024-08-19 10:05:32,528 WARNING database DDL Query made to DB:
ALTER TABLE `tabCustomer` MODIFY `tax_category` varchar(140) default '21%%', MODIFY `default_commission_rate` decimal(21,9) not null default 0
2024-08-19 10:05:49,830 WARNING database DDL Query made to DB:
ALTER TABLE `tabCustomer` MODIFY `default_commission_rate` decimal(21,9) not null default 0, MODIFY `tax_category` varchar(140) default '21%%'
2024-08-19 10:05:55,453 WARNING database DDL Query made to DB:
ALTER TABLE `tabCustomer` MODIFY `tax_category` varchar(140) default '21%%', MODIFY `default_commission_rate` decimal(21,9) not null default 0
2024-08-19 10:06:28,592 WARNING database DDL Query made to DB:
ALTER TABLE `tabCustomer` MODIFY `tax_category` varchar(140) default '21%%', MODIFY `default_commission_rate` decimal(21,9) not null default 0
2024-08-19 10:06:28,798 WARNING database DDL Query made to DB:
ALTER TABLE `tabCustomer` MODIFY `tax_category` varchar(140) default '21%%', MODIFY `default_commission_rate` decimal(21,9) not null default 0
2024-08-19 10:06:46,081 WARNING database DDL Query made to DB:
ALTER TABLE `tabCustomer` MODIFY `tax_category` varchar(140) default '21%%', MODIFY `default_commission_rate` decimal(21,9) not null default 0
2024-08-19 10:06:56,907 WARNING database DDL Query made to DB:
ALTER TABLE `tabCustomer` MODIFY `tax_category` varchar(140) default '21%%', MODIFY `default_commission_rate` decimal(21,9) not null default 0
2024-08-19 10:06:57,106 WARNING database DDL Query made to DB:
ALTER TABLE `tabCustomer` MODIFY `default_commission_rate` decimal(21,9) not null default 0, MODIFY `tax_category` varchar(140) default '21%%'
2024-08-19 10:07:21,851 WARNING database DDL Query made to DB:
ALTER TABLE `tabCustomer` MODIFY `default_commission_rate` decimal(21,9) not null default 0, MODIFY `tax_category` varchar(140) default '21%%'
2024-08-19 10:07:59,780 WARNING database DDL Query made to DB:
alter table `tabDocType` add column if not exists migration_hash varchar(140)
2024-08-19 10:08:01,176 WARNING database DDL Query made to DB:
ALTER TABLE `tabPrint Heading` DROP INDEX `print_heading`
2024-08-19 10:08:02,765 WARNING database DDL Query made to DB:
ALTER TABLE `tabPrint Heading` ADD UNIQUE INDEX IF NOT EXISTS print_heading (`print_heading`)
2024-08-19 10:08:03,105 WARNING database DDL Query made to DB:
ALTER TABLE `tabVehicle` MODIFY `uom` varchar(140), MODIFY `vehicle_value` decimal(21,9) not null default 0
2024-08-19 10:08:03,991 WARNING database DDL Query made to DB:
ALTER TABLE `tabVehicle` MODIFY `vehicle_value` decimal(21,9) not null default 0
2024-08-19 10:08:04,253 WARNING database DDL Query made to DB:
ALTER TABLE `tabCellular Lines` MODIFY `custom_solicitante` varchar(140)
2024-08-19 10:08:04,636 WARNING database DDL Query made to DB:
ALTER TABLE `tabCellular Lines` MODIFY `custom_solicitante` varchar(140)
2024-08-19 10:09:06,185 WARNING database DDL Query made to DB:
ALTER TABLE `tabCustomer` MODIFY `default_commission_rate` decimal(21,9) not null default 0, MODIFY `tax_category` varchar(140) default '21%%'
2024-08-19 10:09:06,443 WARNING database DDL Query made to DB:
ALTER TABLE `tabCustomer` MODIFY `tax_category` varchar(140) default '21%%', MODIFY `default_commission_rate` decimal(21,9) not null default 0
2024-08-19 10:09:11,736 WARNING database DDL Query made to DB:
ALTER TABLE `tabCustomer` MODIFY `default_commission_rate` decimal(21,9) not null default 0, MODIFY `tax_category` varchar(140) default '21%%'
2024-08-19 10:09:18,558 WARNING database DDL Query made to DB:
ALTER TABLE `tabCustomer` MODIFY `tax_category` varchar(140) default '21%%', MODIFY `default_commission_rate` decimal(21,9) not null default 0
2024-08-19 10:13:14,572 WARNING database DDL Query made to DB:
ALTER TABLE `tabCustomer` MODIFY `tax_category` varchar(140) default '21%%', MODIFY `default_commission_rate` decimal(21,9) not null default 0
2024-08-19 10:15:08,706 WARNING database DDL Query made to DB:
ALTER TABLE `tabCustomer` MODIFY `tax_category` varchar(140) default '21%%', MODIFY `default_commission_rate` decimal(21,9) not null default 0
2024-08-19 10:50:35,930 WARNING database DDL Query made to DB:
ALTER TABLE `tabCustomer` ADD COLUMN `custom_pais` varchar(140)
2024-08-19 10:50:35,936 WARNING database DDL Query made to DB:
ALTER TABLE `tabCustomer` MODIFY `tax_category` varchar(140) default '21%%', MODIFY `default_commission_rate` decimal(21,9) not null default 0
2024-08-19 10:50:36,141 WARNING database DDL Query made to DB:
ALTER TABLE `tabCustomer` MODIFY `tax_category` varchar(140) default '21%%', MODIFY `default_commission_rate` decimal(21,9) not null default 0
2024-08-19 10:50:41,302 WARNING database DDL Query made to DB:
ALTER TABLE `tabCustomer` MODIFY `default_commission_rate` decimal(21,9) not null default 0, MODIFY `tax_category` varchar(140) default '21%%'
2024-08-19 14:36:40,070 WARNING database DDL Query made to DB:
ALTER TABLE `tabPrint Format` ADD COLUMN `print_designer_print_format` json, ADD COLUMN `print_designer_preview_img` text, ADD COLUMN `print_designer_after_table` json, ADD COLUMN `print_designer_settings` json, ADD COLUMN `print_designer_header` json, ADD COLUMN `print_designer_footer` json, ADD COLUMN `print_designer_body` json, ADD COLUMN `print_designer` int(1) not null default 0, ADD COLUMN `print_designer_template_app` varchar(140) default 'print_designer'
2024-08-19 14:36:55,192 WARNING database DDL Query made to DB:
alter table `tabDocType` add column if not exists migration_hash varchar(140)
2024-08-19 14:36:56,552 WARNING database DDL Query made to DB:
ALTER TABLE `tabPrint Heading` DROP INDEX `print_heading`
2024-08-19 14:36:57,972 WARNING database DDL Query made to DB:
ALTER TABLE `tabPrint Heading` ADD UNIQUE INDEX IF NOT EXISTS print_heading (`print_heading`)
2024-08-19 14:36:58,287 WARNING database DDL Query made to DB:
ALTER TABLE `tabVehicle` MODIFY `uom` varchar(140), MODIFY `vehicle_value` decimal(21,9) not null default 0
2024-08-19 14:36:59,276 WARNING database DDL Query made to DB:
ALTER TABLE `tabVehicle` MODIFY `vehicle_value` decimal(21,9) not null default 0
2024-08-19 14:36:59,522 WARNING database DDL Query made to DB:
ALTER TABLE `tabCellular Lines` MODIFY `custom_solicitante` varchar(140)
2024-08-19 14:36:59,925 WARNING database DDL Query made to DB:
ALTER TABLE `tabCellular Lines` MODIFY `custom_solicitante` varchar(140)
2024-08-19 15:04:23,616 WARNING database DDL Query made to DB:
alter table `tabDocType` add column if not exists migration_hash varchar(140)
2024-08-19 15:04:24,936 WARNING database DDL Query made to DB:
ALTER TABLE `tabPrint Heading` DROP INDEX `print_heading`
2024-08-19 15:04:26,288 WARNING database DDL Query made to DB:
ALTER TABLE `tabPrint Heading` ADD UNIQUE INDEX IF NOT EXISTS print_heading (`print_heading`)
2024-08-19 15:04:26,536 WARNING database DDL Query made to DB:
ALTER TABLE `tabVehicle` MODIFY `vehicle_value` decimal(21,9) not null default 0, MODIFY `uom` varchar(140)
2024-08-19 15:04:27,429 WARNING database DDL Query made to DB:
ALTER TABLE `tabVehicle` MODIFY `vehicle_value` decimal(21,9) not null default 0
2024-08-19 15:04:27,686 WARNING database DDL Query made to DB:
ALTER TABLE `tabCellular Lines` MODIFY `custom_solicitante` varchar(140)
2024-08-19 15:04:28,061 WARNING database DDL Query made to DB:
ALTER TABLE `tabCellular Lines` MODIFY `custom_solicitante` varchar(140)
2024-08-19 15:04:57,024 WARNING database DDL Query made to DB:
DROP USER IF EXISTS '_098c566c1373ba13'@'localhost'
2024-08-19 15:05:05,013 WARNING database DDL Query made to DB:
DROP DATABASE IF EXISTS `_098c566c1373ba13`
2024-08-19 15:05:05,016 WARNING database DDL Query made to DB:
CREATE USER '_098c566c1373ba13'@'localhost' IDENTIFIED BY 'Ucy4m3XvrxOcRaY7'
2024-08-19 15:05:05,017 WARNING database DDL Query made to DB:
CREATE DATABASE `_098c566c1373ba13` CHARACTER SET utf8mb4 COLLATE utf8mb4_unicode_ci
2024-08-19 15:05:59,228 WARNING database DDL Query made to DB:
create table if not exists `__Auth` (
				`doctype` VARCHAR(140) NOT NULL,
				`name` VARCHAR(255) NOT NULL,
				`fieldname` VARCHAR(140) NOT NULL,
				`password` TEXT NOT NULL,
				`encrypted` INT(1) NOT NULL DEFAULT 0,
				PRIMARY KEY (`doctype`, `name`, `fieldname`)
			) ENGINE=InnoDB ROW_FORMAT=DYNAMIC CHARACTER SET=utf8mb4 COLLATE=utf8mb4_unicode_ci
2024-08-19 15:05:59,240 WARNING database DDL Query made to DB:
create table if not exists __UserSettings (
			`user` VARCHAR(180) NOT NULL,
			`doctype` VARCHAR(180) NOT NULL,
			`data` TEXT,
			UNIQUE(user, doctype)
			) ENGINE=InnoDB DEFAULT CHARSET=utf8
2024-08-19 15:06:06,783 WARNING database DDL Query made to DB:
alter table `tabDocType` add column if not exists migration_hash varchar(140)
2024-08-19 15:06:08,540 WARNING database DDL Query made to DB:
ALTER TABLE `tabPrint Heading` DROP INDEX `print_heading`
2024-08-19 15:06:09,984 WARNING database DDL Query made to DB:
ALTER TABLE `tabPurchase Invoice` MODIFY `conversion_rate` decimal(21,9) not null default 0, MODIFY `total_taxes_and_charges` decimal(21,9) not null default 0, MODIFY `plc_conversion_rate` decimal(21,9) not null default 0, MODIFY `base_grand_total` decimal(21,9) not null default 0, MODIFY `base_taxes_and_charges_deducted` decimal(21,9) not null default 0, MODIFY `total_qty` decimal(21,9) not null default 0, MODIFY `total_advance` decimal(21,9) not null default 0, MODIFY `discount_amount` decimal(21,9) not null default 0, MODIFY `base_total` decimal(21,9) not null default 0, MODIFY `base_paid_amount` decimal(21,9) not null default 0, MODIFY `total` decimal(21,9) not null default 0, MODIFY `base_total_taxes_and_charges` decimal(21,9) not null default 0, MODIFY `total_net_weight` decimal(21,9) not null default 0, MODIFY `base_write_off_amount` decimal(21,9) not null default 0, MODIFY `base_net_total` decimal(21,9) not null default 0, MODIFY `net_total` decimal(21,9) not null default 0, MODIFY `base_tax_withholding_net_total` decimal(21,9) not null default 0, MODIFY `write_off_amount` decimal(21,9) not null default 0, MODIFY `taxes_and_charges_deducted` decimal(21,9) not null default 0, MODIFY `paid_amount` decimal(21,9) not null default 0, MODIFY `base_rounded_total` decimal(21,9) not null default 0, MODIFY `rounding_adjustment` decimal(21,9) not null default 0, MODIFY `base_rounding_adjustment` decimal(21,9) not null default 0, MODIFY `grand_total` decimal(21,9) not null default 0, MODIFY `rounded_total` decimal(21,9) not null default 0, MODIFY `additional_discount_percentage` decimal(21,9) not null default 0, MODIFY `outstanding_amount` decimal(21,9) not null default 0, MODIFY `base_discount_amount` decimal(21,9) not null default 0, MODIFY `base_taxes_and_charges_added` decimal(21,9) not null default 0, MODIFY `per_received` decimal(21,9) not null default 0, MODIFY `taxes_and_charges_added` decimal(21,9) not null default 0
2024-08-19 15:06:11,278 WARNING database DDL Query made to DB:
ALTER TABLE `tabPrint Heading` ADD UNIQUE INDEX IF NOT EXISTS print_heading (`print_heading`)
2024-08-19 15:06:11,534 WARNING database DDL Query made to DB:
ALTER TABLE `tabVehicle` MODIFY `uom` varchar(140), MODIFY `vehicle_value` decimal(21,9) not null default 0
2024-08-19 15:06:12,530 WARNING database DDL Query made to DB:
ALTER TABLE `tabVehicle` MODIFY `vehicle_value` decimal(21,9) not null default 0
2024-08-19 15:06:12,778 WARNING database DDL Query made to DB:
ALTER TABLE `tabCellular Lines` MODIFY `custom_solicitante` varchar(140)
2024-08-19 15:06:13,196 WARNING database DDL Query made to DB:
ALTER TABLE `tabCellular Lines` MODIFY `custom_solicitante` varchar(140)
2024-08-19 15:06:14,824 WARNING database DDL Query made to DB:
ALTER TABLE `tabRemesa Factura` MODIFY `importe` decimal(21,9) not null default 0
2024-08-19 15:06:47,487 WARNING database DDL Query made to DB:
ALTER TABLE `tabPrint Format` ADD COLUMN `print_designer_print_format` json, ADD COLUMN `print_designer_preview_img` text, ADD COLUMN `print_designer_after_table` json, ADD COLUMN `print_designer_settings` json, ADD COLUMN `print_designer_header` json, ADD COLUMN `print_designer_footer` json, ADD COLUMN `print_designer_body` json, ADD COLUMN `print_designer` int(1) not null default 0, ADD COLUMN `print_designer_template_app` varchar(140) default 'print_designer'
2024-08-19 15:06:53,217 WARNING database DDL Query made to DB:
alter table `tabDocType` add column if not exists migration_hash varchar(140)
2024-08-19 15:06:54,553 WARNING database DDL Query made to DB:
ALTER TABLE `tabPrint Heading` DROP INDEX `print_heading`
2024-08-19 15:06:55,837 WARNING database DDL Query made to DB:
ALTER TABLE `tabPrint Heading` ADD UNIQUE INDEX IF NOT EXISTS print_heading (`print_heading`)
2024-08-19 15:06:56,088 WARNING database DDL Query made to DB:
ALTER TABLE `tabVehicle` MODIFY `vehicle_value` decimal(21,9) not null default 0, MODIFY `uom` varchar(140)
2024-08-19 15:06:56,970 WARNING database DDL Query made to DB:
ALTER TABLE `tabVehicle` MODIFY `vehicle_value` decimal(21,9) not null default 0
2024-08-19 15:06:57,213 WARNING database DDL Query made to DB:
ALTER TABLE `tabCellular Lines` MODIFY `custom_solicitante` varchar(140)
2024-08-19 15:06:57,599 WARNING database DDL Query made to DB:
ALTER TABLE `tabCellular Lines` MODIFY `custom_solicitante` varchar(140)
2024-08-20 05:34:57,717 WARNING database DDL Query made to DB:
DROP USER IF EXISTS '_098c566c1373ba13'@'localhost'
2024-08-20 05:34:59,448 WARNING database DDL Query made to DB:
DROP DATABASE IF EXISTS `_098c566c1373ba13`
2024-08-20 05:34:59,451 WARNING database DDL Query made to DB:
CREATE USER '_098c566c1373ba13'@'localhost' IDENTIFIED BY 'Ucy4m3XvrxOcRaY7'
2024-08-20 05:34:59,453 WARNING database DDL Query made to DB:
CREATE DATABASE `_098c566c1373ba13` CHARACTER SET utf8mb4 COLLATE utf8mb4_unicode_ci
2024-08-20 05:35:53,391 WARNING database DDL Query made to DB:
create table if not exists `__Auth` (
				`doctype` VARCHAR(140) NOT NULL,
				`name` VARCHAR(255) NOT NULL,
				`fieldname` VARCHAR(140) NOT NULL,
				`password` TEXT NOT NULL,
				`encrypted` INT(1) NOT NULL DEFAULT 0,
				PRIMARY KEY (`doctype`, `name`, `fieldname`)
			) ENGINE=InnoDB ROW_FORMAT=DYNAMIC CHARACTER SET=utf8mb4 COLLATE=utf8mb4_unicode_ci
2024-08-20 05:35:53,404 WARNING database DDL Query made to DB:
create table if not exists __UserSettings (
			`user` VARCHAR(180) NOT NULL,
			`doctype` VARCHAR(180) NOT NULL,
			`data` TEXT,
			UNIQUE(user, doctype)
			) ENGINE=InnoDB DEFAULT CHARSET=utf8
2024-08-20 05:36:10,624 WARNING database DDL Query made to DB:
ALTER TABLE `tabPrint Format` ADD COLUMN `print_designer_print_format` json, ADD COLUMN `print_designer_preview_img` text, ADD COLUMN `print_designer_after_table` json, ADD COLUMN `print_designer_settings` json, ADD COLUMN `print_designer_header` json, ADD COLUMN `print_designer_footer` json, ADD COLUMN `print_designer_body` json, ADD COLUMN `print_designer` int(1) not null default 0, ADD COLUMN `print_designer_template_app` varchar(140) default 'print_designer'
2024-08-20 05:36:24,818 WARNING database DDL Query made to DB:
alter table `tabDocType` add column if not exists migration_hash varchar(140)
2024-08-20 05:36:26,341 WARNING database DDL Query made to DB:
ALTER TABLE `tabPrint Heading` DROP INDEX `print_heading`
2024-08-20 05:36:27,735 WARNING database DDL Query made to DB:
ALTER TABLE `tabPurchase Invoice` MODIFY `net_total` decimal(21,9) not null default 0, MODIFY `base_tax_withholding_net_total` decimal(21,9) not null default 0, MODIFY `taxes_and_charges_deducted` decimal(21,9) not null default 0, MODIFY `base_rounding_adjustment` decimal(21,9) not null default 0, MODIFY `total_advance` decimal(21,9) not null default 0, MODIFY `grand_total` decimal(21,9) not null default 0, MODIFY `base_rounded_total` decimal(21,9) not null default 0, MODIFY `rounded_total` decimal(21,9) not null default 0, MODIFY `outstanding_amount` decimal(21,9) not null default 0, MODIFY `rounding_adjustment` decimal(21,9) not null default 0, MODIFY `base_discount_amount` decimal(21,9) not null default 0, MODIFY `discount_amount` decimal(21,9) not null default 0, MODIFY `base_paid_amount` decimal(21,9) not null default 0, MODIFY `conversion_rate` decimal(21,9) not null default 0, MODIFY `additional_discount_percentage` decimal(21,9) not null default 0, MODIFY `plc_conversion_rate` decimal(21,9) not null default 0, MODIFY `total_qty` decimal(21,9) not null default 0, MODIFY `total_net_weight` decimal(21,9) not null default 0, MODIFY `base_total` decimal(21,9) not null default 0, MODIFY `base_net_total` decimal(21,9) not null default 0, MODIFY `total` decimal(21,9) not null default 0, MODIFY `base_taxes_and_charges_deducted` decimal(21,9) not null default 0, MODIFY `taxes_and_charges_added` decimal(21,9) not null default 0, MODIFY `base_write_off_amount` decimal(21,9) not null default 0, MODIFY `per_received` decimal(21,9) not null default 0, MODIFY `write_off_amount` decimal(21,9) not null default 0, MODIFY `base_taxes_and_charges_added` decimal(21,9) not null default 0, MODIFY `base_total_taxes_and_charges` decimal(21,9) not null default 0, MODIFY `paid_amount` decimal(21,9) not null default 0, MODIFY `total_taxes_and_charges` decimal(21,9) not null default 0, MODIFY `base_grand_total` decimal(21,9) not null default 0
2024-08-20 05:36:29,011 WARNING database DDL Query made to DB:
ALTER TABLE `tabPrint Heading` ADD UNIQUE INDEX IF NOT EXISTS print_heading (`print_heading`)
2024-08-20 05:36:29,252 WARNING database DDL Query made to DB:
ALTER TABLE `tabVehicle` MODIFY `uom` varchar(140), MODIFY `vehicle_value` decimal(21,9) not null default 0
2024-08-20 05:36:30,124 WARNING database DDL Query made to DB:
ALTER TABLE `tabVehicle` MODIFY `vehicle_value` decimal(21,9) not null default 0
2024-08-20 05:36:30,320 WARNING database DDL Query made to DB:
ALTER TABLE `tabCellular Lines` MODIFY `custom_solicitante` varchar(140)
2024-08-20 05:36:30,674 WARNING database DDL Query made to DB:
ALTER TABLE `tabCellular Lines` MODIFY `custom_solicitante` varchar(140)
2024-08-20 05:36:32,207 WARNING database DDL Query made to DB:
ALTER TABLE `tabRemesa Factura` MODIFY `importe` decimal(21,9) not null default 0
