2024-11-19 02:23:42,590 ERROR scheduler Skipped queueing frappe.website.doctype.personal_data_deletion_request.personal_data_deletion_request.process_data_deletion_request because it was found in queue for erp.grupoatu.com
2024-11-19 02:23:42,592 ERROR scheduler Skipped queueing frappe.email.doctype.newsletter.newsletter.send_scheduled_email because it was found in queue for erp.grupoatu.com
2024-11-19 02:23:42,593 ERROR scheduler Skipped queueing frappe.integrations.doctype.google_calendar.google_calendar.sync because it was found in queue for erp.grupoatu.com
2024-11-19 02:23:42,594 ERROR scheduler Skipped queueing frappe.desk.form.document_follow.send_hourly_updates because it was found in queue for erp.grupoatu.com
2024-11-19 02:23:42,595 ERROR scheduler Skipped queueing frappe.deferred_insert.save_to_db because it was found in queue for erp.grupoatu.com
2024-11-19 02:23:42,597 ERROR scheduler Skipped queueing frappe.desk.page.backups.backups.delete_downloadable_backups because it was found in queue for erp.grupoatu.com
2024-11-19 02:23:42,598 ERROR scheduler Skipped queueing frappe.model.utils.user_settings.sync_user_settings because it was found in queue for erp.grupoatu.com
2024-11-19 02:23:42,599 ERROR scheduler Skipped queueing frappe.model.utils.link_count.update_link_count because it was found in queue for erp.grupoatu.com
2024-11-19 02:23:42,600 ERROR scheduler Skipped queueing frappe.automation.doctype.reminder.reminder.send_reminders because it was found in queue for erp.grupoatu.com
2024-11-19 02:23:42,601 ERROR scheduler Skipped queueing frappe.monitor.flush because it was found in queue for erp.grupoatu.com
2024-11-19 02:23:42,602 ERROR scheduler Skipped queueing frappe.utils.global_search.sync_global_search because it was found in queue for erp.grupoatu.com
2024-11-19 02:23:42,604 ERROR scheduler Skipped queueing frappe.email.doctype.email_account.email_account.notify_unreplied because it was found in queue for erp.grupoatu.com
2024-11-19 02:23:42,605 ERROR scheduler Skipped queueing frappe.email.queue.flush because it was found in queue for erp.grupoatu.com
2024-11-19 02:23:42,606 ERROR scheduler Skipped queueing frappe.core.doctype.log_settings.log_settings.run_log_clean_up because it was found in queue for erp.grupoatu.com
2024-11-19 02:23:42,607 ERROR scheduler Skipped queueing frappe.core.doctype.prepared_report.prepared_report.expire_stalled_report because it was found in queue for erp.grupoatu.com
2024-11-19 02:24:42,733 ERROR scheduler Skipped queueing wiki.wiki.doctype.wiki_page.search.rebuild_index_in_background because it was found in queue for erp.grupoatu.com
2024-11-19 02:24:42,735 ERROR scheduler Skipped queueing erpnext.accounts.doctype.process_payment_reconciliation.process_payment_reconciliation.trigger_reconciliation_for_queued_docs because it was found in queue for erp.grupoatu.com
2024-11-19 02:24:42,736 ERROR scheduler Skipped queueing erpnext.manufacturing.doctype.bom_update_log.bom_update_log.resume_bom_cost_update_jobs because it was found in queue for erp.grupoatu.com
2024-11-19 02:24:42,738 ERROR scheduler Skipped queueing frappe.twofactor.delete_all_barcodes_for_users because it was found in queue for erp.grupoatu.com
2024-11-19 02:24:42,739 ERROR scheduler Skipped queueing frappe.website.doctype.web_page.web_page.check_publish_status because it was found in queue for erp.grupoatu.com
2024-11-19 02:24:42,740 ERROR scheduler Skipped queueing frappe.oauth.delete_oauth2_data because it was found in queue for erp.grupoatu.com
2024-11-21 13:53:28,951 ERROR scheduler Skipped queueing helpdesk.search.build_index_if_not_exists because it was found in queue for erp.grupoatu.com
2024-11-21 13:53:28,960 ERROR scheduler Skipped queueing hrms.hr.doctype.interview.interview.send_interview_reminder because it was found in queue for erp.grupoatu.com
2024-11-21 13:53:28,986 ERROR scheduler Skipped queueing frappe.automation.doctype.reminder.reminder.send_reminders because it was found in queue for erp.grupoatu.com
2024-11-21 13:53:28,987 ERROR scheduler Skipped queueing frappe.monitor.flush because it was found in queue for erp.grupoatu.com
2024-11-21 13:53:28,989 ERROR scheduler Skipped queueing frappe.utils.global_search.sync_global_search because it was found in queue for erp.grupoatu.com
2024-11-21 13:53:28,990 ERROR scheduler Skipped queueing frappe.email.doctype.email_account.email_account.notify_unreplied because it was found in queue for erp.grupoatu.com
2024-11-21 13:53:28,991 ERROR scheduler Skipped queueing frappe.email.queue.flush because it was found in queue for erp.grupoatu.com
2024-11-23 23:04:18,563 ERROR scheduler Skipped queueing frappe.desk.doctype.changelog_feed.changelog_feed.fetch_changelog_feed because it was found in queue for erp.grupoatu.com
2024-11-23 23:04:18,565 ERROR scheduler Skipped queueing frappe.desk.form.document_follow.send_weekly_updates because it was found in queue for erp.grupoatu.com
2024-11-23 23:05:18,716 ERROR scheduler Skipped queueing hrms.hr.doctype.shift_type.shift_type.process_auto_attendance_for_all_shifts because it was found in queue for erp.grupoatu.com
2024-11-23 23:05:18,725 ERROR scheduler Skipped queueing erpnext.assets.doctype.asset.depreciation.post_depreciation_entries because it was found in queue for erp.grupoatu.com
2024-11-23 23:05:18,729 ERROR scheduler Skipped queueing erpnext.accounts.doctype.process_subscription.process_subscription.create_subscription_process because it was found in queue for erp.grupoatu.com
2024-11-28 08:14:17,338 ERROR scheduler Skipped queueing frappe.core.doctype.log_settings.log_settings.run_log_clean_up because it was found in queue for erp.grupoatu.com
2024-11-28 08:14:17,343 ERROR scheduler Skipped queueing frappe.core.doctype.prepared_report.prepared_report.expire_stalled_report because it was found in queue for erp.grupoatu.com
